<?xml version="1.0" encoding="UTF-8"?>
<testsuite name="ru.ajana.admin.mapper.UserMapperTest" tests="2" skipped="0" failures="0" errors="0" timestamp="2019-01-11T18:11:21" hostname="andrej59" time="0.05">
  <properties/>
  <testcase name="mapTo" classname="ru.ajana.admin.mapper.UserMapperTest" time="0.043"/>
  <testcase name="mapFrom" classname="ru.ajana.admin.mapper.UserMapperTest" time="0.006"/>
  <system-out><![CDATA[23:11:21.999 [INFO] Test worker com.namics.commons.random.RandomData:populateBean:503 - Property SimplePropertyDescriptor[name=dtCreate, propertyType=class java.util.Date, readMethod=public java.util.Date ru.ajana.admin.jpa.entities.UserEntity.getDtCreate(), writeMethod=public void ru.ajana.admin.jpa.entities.UserEntity.setDtCreate(java.util.Date)] 
23:11:22.019 [INFO] Test worker com.namics.commons.random.RandomData:populateBean:503 - Property SimplePropertyDescriptor[name=dtUpdate, propertyType=class java.util.Date, readMethod=public java.util.Date ru.ajana.admin.jpa.entities.UserEntity.getDtUpdate(), writeMethod=public void ru.ajana.admin.jpa.entities.UserEntity.setDtUpdate(java.util.Date)] 
23:11:22.019 [INFO] Test worker com.namics.commons.random.RandomData:populateBean:503 - Property SimplePropertyDescriptor[name=email, propertyType=class java.lang.String, readMethod=public java.lang.String ru.ajana.admin.jpa.entities.UserEntity.getEmail(), writeMethod=public void ru.ajana.admin.jpa.entities.UserEntity.setEmail(java.lang.String)] 
23:11:22.019 [INFO] Test worker com.namics.commons.random.RandomData:populateBean:503 - Property SimplePropertyDescriptor[name=enabled, propertyType=class java.lang.Boolean, readMethod=public java.lang.Boolean ru.ajana.admin.jpa.entities.UserEntity.getEnabled(), writeMethod=public void ru.ajana.admin.jpa.entities.UserEntity.setEnabled(java.lang.Boolean)] 
23:11:22.019 [INFO] Test worker com.namics.commons.random.RandomData:populateBean:503 - Property SimplePropertyDescriptor[name=id, propertyType=class java.lang.Long, readMethod=public java.lang.Long ru.ajana.admin.jpa.entities.UserEntity.getId(), writeMethod=public void ru.ajana.admin.jpa.entities.UserEntity.setId(java.lang.Long)] 
23:11:22.019 [INFO] Test worker com.namics.commons.random.RandomData:populateBean:503 - Property SimplePropertyDescriptor[name=name, propertyType=class java.lang.String, readMethod=public java.lang.String ru.ajana.admin.jpa.entities.UserEntity.getName(), writeMethod=public void ru.ajana.admin.jpa.entities.UserEntity.setName(java.lang.String)] 
23:11:22.019 [INFO] Test worker com.namics.commons.random.RandomData:populateBean:503 - Property SimplePropertyDescriptor[name=password, propertyType=class java.lang.String, readMethod=public java.lang.String ru.ajana.admin.jpa.entities.UserEntity.getPassword(), writeMethod=public void ru.ajana.admin.jpa.entities.UserEntity.setPassword(java.lang.String)] 
23:11:22.029 [INFO] Test worker com.namics.commons.random.RandomData:populateBean:503 - Property SimplePropertyDescriptor[name=roleEntities, propertyType=interface java.util.List, readMethod=public java.util.List ru.ajana.admin.jpa.entities.UserEntity.getRoleEntities(), writeMethod=public void ru.ajana.admin.jpa.entities.UserEntity.setRoleEntities(java.util.List)] 
23:11:22.029 [INFO] Test worker com.namics.commons.random.RandomData:populateBean:503 - Property SimplePropertyDescriptor[name=id, propertyType=class java.lang.Long, readMethod=public java.lang.Long ru.ajana.admin.jpa.entities.RoleEntity.getId(), writeMethod=public void ru.ajana.admin.jpa.entities.RoleEntity.setId(java.lang.Long)] 
23:11:22.029 [INFO] Test worker com.namics.commons.random.RandomData:populateBean:503 - Property SimplePropertyDescriptor[name=ident, propertyType=class java.lang.String, readMethod=public java.lang.String ru.ajana.admin.jpa.entities.RoleEntity.getIdent(), writeMethod=public void ru.ajana.admin.jpa.entities.RoleEntity.setIdent(java.lang.String)] 
23:11:22.029 [INFO] Test worker com.namics.commons.random.RandomData:populateBean:503 - Property SimplePropertyDescriptor[name=name, propertyType=class java.lang.String, readMethod=public java.lang.String ru.ajana.admin.jpa.entities.RoleEntity.getName(), writeMethod=public void ru.ajana.admin.jpa.entities.RoleEntity.setName(java.lang.String)] 
23:11:22.029 [INFO] Test worker com.namics.commons.random.RandomData:populateBean:503 - Property SimplePropertyDescriptor[name=id, propertyType=class java.lang.Long, readMethod=public java.lang.Long ru.ajana.admin.jpa.entities.RoleEntity.getId(), writeMethod=public void ru.ajana.admin.jpa.entities.RoleEntity.setId(java.lang.Long)] 
23:11:22.029 [INFO] Test worker com.namics.commons.random.RandomData:populateBean:503 - Property SimplePropertyDescriptor[name=ident, propertyType=class java.lang.String, readMethod=public java.lang.String ru.ajana.admin.jpa.entities.RoleEntity.getIdent(), writeMethod=public void ru.ajana.admin.jpa.entities.RoleEntity.setIdent(java.lang.String)] 
23:11:22.029 [INFO] Test worker com.namics.commons.random.RandomData:populateBean:503 - Property SimplePropertyDescriptor[name=name, propertyType=class java.lang.String, readMethod=public java.lang.String ru.ajana.admin.jpa.entities.RoleEntity.getName(), writeMethod=public void ru.ajana.admin.jpa.entities.RoleEntity.setName(java.lang.String)] 
23:11:22.029 [INFO] Test worker com.namics.commons.random.RandomData:populateBean:503 - Property SimplePropertyDescriptor[name=id, propertyType=class java.lang.Long, readMethod=public java.lang.Long ru.ajana.admin.jpa.entities.RoleEntity.getId(), writeMethod=public void ru.ajana.admin.jpa.entities.RoleEntity.setId(java.lang.Long)] 
23:11:22.029 [INFO] Test worker com.namics.commons.random.RandomData:populateBean:503 - Property SimplePropertyDescriptor[name=ident, propertyType=class java.lang.String, readMethod=public java.lang.String ru.ajana.admin.jpa.entities.RoleEntity.getIdent(), writeMethod=public void ru.ajana.admin.jpa.entities.RoleEntity.setIdent(java.lang.String)] 
23:11:22.029 [INFO] Test worker com.namics.commons.random.RandomData:populateBean:503 - Property SimplePropertyDescriptor[name=name, propertyType=class java.lang.String, readMethod=public java.lang.String ru.ajana.admin.jpa.entities.RoleEntity.getName(), writeMethod=public void ru.ajana.admin.jpa.entities.RoleEntity.setName(java.lang.String)] 
23:11:22.029 [INFO] Test worker com.namics.commons.random.RandomData:populateBean:503 - Property SimplePropertyDescriptor[name=id, propertyType=class java.lang.Long, readMethod=public java.lang.Long ru.ajana.admin.jpa.entities.RoleEntity.getId(), writeMethod=public void ru.ajana.admin.jpa.entities.RoleEntity.setId(java.lang.Long)] 
23:11:22.039 [INFO] Test worker com.namics.commons.random.RandomData:populateBean:503 - Property SimplePropertyDescriptor[name=ident, propertyType=class java.lang.String, readMethod=public java.lang.String ru.ajana.admin.jpa.entities.RoleEntity.getIdent(), writeMethod=public void ru.ajana.admin.jpa.entities.RoleEntity.setIdent(java.lang.String)] 
23:11:22.039 [INFO] Test worker com.namics.commons.random.RandomData:populateBean:503 - Property SimplePropertyDescriptor[name=name, propertyType=class java.lang.String, readMethod=public java.lang.String ru.ajana.admin.jpa.entities.RoleEntity.getName(), writeMethod=public void ru.ajana.admin.jpa.entities.RoleEntity.setName(java.lang.String)] 
23:11:22.039 [INFO] Test worker com.namics.commons.random.RandomData:populateBean:503 - Property SimplePropertyDescriptor[name=salt, propertyType=class java.lang.String, readMethod=public java.lang.String ru.ajana.admin.jpa.entities.UserEntity.getSalt(), writeMethod=public void ru.ajana.admin.jpa.entities.UserEntity.setSalt(java.lang.String)] 
23:11:22.039 [INFO] Test worker com.namics.commons.random.RandomData:populateBean:503 - Property SimplePropertyDescriptor[name=email, propertyType=class java.lang.String, readMethod=public java.lang.String ru.ajana.admin.model.User.getEmail(), writeMethod=public void ru.ajana.admin.model.User.setEmail(java.lang.String)] 
23:11:22.039 [INFO] Test worker com.namics.commons.random.RandomData:populateBean:503 - Property SimplePropertyDescriptor[name=enabled, propertyType=class java.lang.Boolean, readMethod=public java.lang.Boolean ru.ajana.admin.model.User.getEnabled(), writeMethod=public void ru.ajana.admin.model.User.setEnabled(java.lang.Boolean)] 
23:11:22.039 [INFO] Test worker com.namics.commons.random.RandomData:populateBean:503 - Property SimplePropertyDescriptor[name=id, propertyType=class java.lang.Long, readMethod=public java.lang.Long ru.ajana.admin.model.User.getId(), writeMethod=public void ru.ajana.admin.model.User.setId(java.lang.Long)] 
23:11:22.039 [INFO] Test worker com.namics.commons.random.RandomData:populateBean:503 - Property SimplePropertyDescriptor[name=name, propertyType=class java.lang.String, readMethod=public java.lang.String ru.ajana.admin.model.User.getName(), writeMethod=public void ru.ajana.admin.model.User.setName(java.lang.String)] 
23:11:22.039 [INFO] Test worker com.namics.commons.random.RandomData:populateBean:503 - Property SimplePropertyDescriptor[name=password, propertyType=class java.lang.String, readMethod=public java.lang.String ru.ajana.admin.model.User.getPassword(), writeMethod=public void ru.ajana.admin.model.User.setPassword(java.lang.String)] 
23:11:22.039 [INFO] Test worker com.namics.commons.random.RandomData:populateBean:503 - Property SimplePropertyDescriptor[name=salt, propertyType=class java.lang.String, readMethod=public java.lang.String ru.ajana.admin.model.User.getSalt(), writeMethod=public void ru.ajana.admin.model.User.setSalt(java.lang.String)] 
]]></system-out>
  <system-err><![CDATA[]]></system-err>
</testsuite>
