<?xml version="1.0" encoding="UTF-8"?>
<testsuite name="ru.ajana.admin.util.PasswordUtilsTest" tests="5" skipped="0" failures="0" errors="0" timestamp="2019-01-11T18:11:27" hostname="andrej59" time="0.513">
  <properties/>
  <testcase name="hashPassword" classname="ru.ajana.admin.util.PasswordUtilsTest" time="0.133"/>
  <testcase name="hashPasswordIsNull" classname="ru.ajana.admin.util.PasswordUtilsTest" time="0.001"/>
  <testcase name="checkPassword" classname="ru.ajana.admin.util.PasswordUtilsTest" time="0.378"/>
  <testcase name="genSalt" classname="ru.ajana.admin.util.PasswordUtilsTest" time="0.0"/>
  <testcase name="hashPasswordSaltIsNull" classname="ru.ajana.admin.util.PasswordUtilsTest" time="0.001"/>
  <system-out><![CDATA[]]></system-out>
  <system-err><![CDATA[]]></system-err>
</testsuite>
